  main.cpp
C:\Users\34648\Desktop\Visual 2 CDI\Practica 1 sistemas\Sistemas\Sistemes1\Sistemes1\Utils\ConsoleControl.h(43,2): warning C4091: 'static ': se ha omitido a la izquierda de 'ConsoleControl' cuando no hay ninguna variable declarada
  Map.cpp
C:\Users\34648\Desktop\Visual 2 CDI\Practica 1 sistemas\Sistemas\Sistemes1\Sistemes1\Utils\ConsoleControl.h(43,2): warning C4091: 'static ': se ha omitido a la izquierda de 'ConsoleControl' cuando no hay ninguna variable declarada
C:\Users\34648\Desktop\Visual 2 CDI\Practica 1 sistemas\Sistemas\Sistemes1\Sistemes1\Map.cpp(10,22): error C2665: 'NodeMap::NodeMap':ninguna función sobrecargada pudo convertir todos los tipos de argumento
C:\Users\34648\Desktop\Visual 2 CDI\Practica 1 sistemas\Sistemas\Sistemes1\Sistemes1\3Nodes\NodeMap.h(40,1): message : puede ser 'NodeMap::NodeMap(const NodeMap &)'
C:\Users\34648\Desktop\Visual 2 CDI\Practica 1 sistemas\Sistemas\Sistemes1\Sistemes1\Map.cpp(10,22): message : 'NodeMap::NodeMap(const NodeMap &)': el argumento 1 no puede convertirse de 'nullptr' a 'const NodeMap &'
C:\Users\34648\Desktop\Visual 2 CDI\Practica 1 sistemas\Sistemas\Sistemes1\Sistemes1\Map.cpp(10,23): message : Razón: no se puede realizar la conversión de 'nullptr' a 'const NodeMap'
C:\Users\34648\Desktop\Visual 2 CDI\Practica 1 sistemas\Sistemas\Sistemes1\Sistemes1\Map.cpp(10,22): message : al hacer coincidir la lista de argumentos '(nullptr)'
C:\Users\34648\Desktop\Visual 2 CDI\Practica 1 sistemas\Sistemas\Sistemes1\Sistemes1\Map.cpp(13,9): error C2678: '!=' binario: no se encontró un operador que adopte un operando en la parte izquierda de tipo 'NodeMap' (o bien no existe una conversión aceptable)
C:\Program Files (x86)\Windows Kits\10\Include\10.0.22621.0\shared\guiddef.h(197,15): message : puede ser 'bool operator !=(const GUID &,const GUID &)'
C:\Users\34648\Desktop\Visual 2 CDI\Practica 1 sistemas\Sistemas\Sistemes1\Sistemes1\Map.cpp(13,9): message : al hacer coincidir la lista de argumentos '(NodeMap, nullptr)'
C:\Users\34648\Desktop\Visual 2 CDI\Practica 1 sistemas\Sistemas\Sistemes1\Sistemes1\Map.cpp(14,16): error C2440: 'delete': no se puede realizar la conversión de 'NodeMap' a 'void*'
C:\Users\34648\Desktop\Visual 2 CDI\Practica 1 sistemas\Sistemas\Sistemes1\Sistemes1\Map.cpp(14,16): message : No hay disponible ningún operador de conversión definido por el usuario que pueda realizar esta conversión, o bien no se puede llamar al operador
C:\Users\34648\Desktop\Visual 2 CDI\Practica 1 sistemas\Sistemas\Sistemes1\Sistemes1\Map.cpp(19,9): error C2678: '!=' binario: no se encontró un operador que adopte un operando en la parte izquierda de tipo 'NodeMap' (o bien no existe una conversión aceptable)
C:\Program Files (x86)\Windows Kits\10\Include\10.0.22621.0\shared\guiddef.h(197,15): message : puede ser 'bool operator !=(const GUID &,const GUID &)'
C:\Users\34648\Desktop\Visual 2 CDI\Practica 1 sistemas\Sistemas\Sistemes1\Sistemes1\Map.cpp(19,9): message : al hacer coincidir la lista de argumentos '(NodeMap, nullptr)'
C:\Users\34648\Desktop\Visual 2 CDI\Practica 1 sistemas\Sistemas\Sistemes1\Sistemes1\Map.cpp(20,16): error C2440: 'delete': no se puede realizar la conversión de 'NodeMap' a 'void*'
C:\Users\34648\Desktop\Visual 2 CDI\Practica 1 sistemas\Sistemas\Sistemes1\Sistemes1\Map.cpp(20,16): message : No hay disponible ningún operador de conversión definido por el usuario que pueda realizar esta conversión, o bien no se puede llamar al operador
C:\Users\34648\Desktop\Visual 2 CDI\Practica 1 sistemas\Sistemas\Sistemes1\Sistemes1\Map.cpp(22,5): error C2679: '=' binario: no se encontró un operador que adopte un operando en la parte derecha de tipo 'NodeMap *' (o bien no existe una conversión aceptable)
C:\Users\34648\Desktop\Visual 2 CDI\Practica 1 sistemas\Sistemas\Sistemes1\Sistemes1\3Nodes\NodeMap.h(40,1): message : puede ser 'NodeMap &NodeMap::operator =(const NodeMap &)'
C:\Users\34648\Desktop\Visual 2 CDI\Practica 1 sistemas\Sistemas\Sistemes1\Sistemes1\Map.cpp(22,5): message : al hacer coincidir la lista de argumentos '(NodeMap, NodeMap *)'
C:\Users\34648\Desktop\Visual 2 CDI\Practica 1 sistemas\Sistemas\Sistemes1\Sistemes1\Map.cpp(28,13): error C2819: el tipo 'NodeMap' no tiene un miembro sobrecargado 'operator ->'
C:\Users\34648\Desktop\Visual 2 CDI\Practica 1 sistemas\Sistemas\Sistemes1\Sistemes1\3Nodes\NodeMap.h(9,7): message : vea la declaración de 'NodeMap'
C:\Users\34648\Desktop\Visual 2 CDI\Practica 1 sistemas\Sistemas\Sistemes1\Sistemes1\Map.cpp(28,13): message : ¿deseaba utilizar '.' en su lugar?
C:\Users\34648\Desktop\Visual 2 CDI\Practica 1 sistemas\Sistemas\Sistemes1\Sistemes1\Map.cpp(28,21): error C2232: '->NodeMap::SafePickNode': el operando izquierdo tiene el tipo 'class'; utilice '.'
C:\Users\34648\Desktop\Visual 2 CDI\Practica 1 sistemas\Sistemas\Sistemes1\Sistemes1\Map.cpp(72,41): error C2819: el tipo 'NodeMap' no tiene un miembro sobrecargado 'operator ->'
C:\Users\34648\Desktop\Visual 2 CDI\Practica 1 sistemas\Sistemas\Sistemes1\Sistemes1\3Nodes\NodeMap.h(9,7): message : vea la declaración de 'NodeMap'
C:\Users\34648\Desktop\Visual 2 CDI\Practica 1 sistemas\Sistemas\Sistemes1\Sistemes1\Map.cpp(72,41): message : ¿deseaba utilizar '.' en su lugar?
C:\Users\34648\Desktop\Visual 2 CDI\Practica 1 sistemas\Sistemas\Sistemes1\Sistemes1\Map.cpp(72,49): error C2232: '->NodeMap::GetSize': el operando izquierdo tiene el tipo 'class'; utilice '.'
C:\Users\34648\Desktop\Visual 2 CDI\Practica 1 sistemas\Sistemas\Sistemes1\Sistemes1\Map.cpp(73,41): error C2819: el tipo 'NodeMap' no tiene un miembro sobrecargado 'operator ->'
C:\Users\34648\Desktop\Visual 2 CDI\Practica 1 sistemas\Sistemas\Sistemes1\Sistemes1\3Nodes\NodeMap.h(9,7): message : vea la declaración de 'NodeMap'
C:\Users\34648\Desktop\Visual 2 CDI\Practica 1 sistemas\Sistemas\Sistemes1\Sistemes1\Map.cpp(73,41): message : ¿deseaba utilizar '.' en su lugar?
C:\Users\34648\Desktop\Visual 2 CDI\Practica 1 sistemas\Sistemas\Sistemes1\Sistemes1\Map.cpp(73,49): error C2232: '->NodeMap::GetSize': el operando izquierdo tiene el tipo 'class'; utilice '.'
C:\Users\34648\Desktop\Visual 2 CDI\Practica 1 sistemas\Sistemas\Sistemes1\Sistemes1\Map.cpp(78,5): error C2819: el tipo 'NodeMap' no tiene un miembro sobrecargado 'operator ->'
C:\Users\34648\Desktop\Visual 2 CDI\Practica 1 sistemas\Sistemas\Sistemes1\Sistemes1\3Nodes\NodeMap.h(9,7): message : vea la declaración de 'NodeMap'
C:\Users\34648\Desktop\Visual 2 CDI\Practica 1 sistemas\Sistemas\Sistemes1\Sistemes1\Map.cpp(78,5): message : ¿deseaba utilizar '.' en su lugar?
C:\Users\34648\Desktop\Visual 2 CDI\Practica 1 sistemas\Sistemas\Sistemes1\Sistemes1\Map.cpp(78,13): error C2232: '->NodeMap::SafePickNode': el operando izquierdo tiene el tipo 'class'; utilice '.'
C:\Users\34648\Desktop\Visual 2 CDI\Practica 1 sistemas\Sistemas\Sistemes1\Sistemes1\Map.cpp(89,12): error C2440: 'return': no se puede realizar la conversión de 'NodeMap' a 'NodeMap *'
C:\Users\34648\Desktop\Visual 2 CDI\Practica 1 sistemas\Sistemas\Sistemes1\Sistemes1\Map.cpp(89,12): message : No hay disponible ningún operador de conversión definido por el usuario que pueda realizar esta conversión, o bien no se puede llamar al operador
  World.cpp
C:\Program Files\Microsoft Visual Studio\2022\Community\VC\Tools\MSVC\14.37.32822\include\xmemory(719,82): error C2280: 'Map::Map(const Map &)': se está intentando hacer referencia a una función eliminada.
C:\Users\34648\Desktop\Visual 2 CDI\Practica 1 sistemas\Sistemas\Sistemes1\Sistemes1\Map.h(18,1): message : el compilador generó 'Map::Map' aquí
C:\Users\34648\Desktop\Visual 2 CDI\Practica 1 sistemas\Sistemas\Sistemes1\Sistemes1\Map.h(18,1): message : "Map::Map(const Map &)": la función se eliminó implícitamente porque un objeto miembro de datos invoca a una función "NodeMap::NodeMap(const NodeMap &)" eliminada o inaccesible.
C:\Users\34648\Desktop\Visual 2 CDI\Practica 1 sistemas\Sistemas\Sistemes1\Sistemes1\3Nodes\NodeMap.h(40,1): message : "NodeMap::NodeMap(const NodeMap &)": la función se eliminó implícitamente porque un objeto miembro de datos invoca a una función "std::mutex::mutex(const std::mutex &)" eliminada o inaccesible.
C:\Program Files\Microsoft Visual Studio\2022\Community\VC\Tools\MSVC\14.37.32822\include\mutex(137,5): message : "std::mutex::mutex(const std::mutex &)": la función se eliminó explícitamente.
C:\Program Files\Microsoft Visual Studio\2022\Community\VC\Tools\MSVC\14.37.32822\include\vector(800,27): message : Vea la referencia a la creación de una instancia de la función plantilla "void std::_Default_allocator_traits<_Alloc>::construct<_Ty,const _Ty&>(_Alloc &,_Objty *const ,const _Ty &)" que se está compilando
          with
          [
              _Alloc=std::allocator<Map>,
              _Ty=Map,
              _Objty=Map
          ]
C:\Program Files\Microsoft Visual Studio\2022\Community\VC\Tools\MSVC\14.37.32822\include\vector(782,20): message : Vea la referencia a la creación de una instancia de la función plantilla "_Ty &std::vector<_Ty,std::allocator<_Ty>>::_Emplace_back_with_unused_capacity<const _Ty&>(const _Ty &)" que se está compilando
          with
          [
              _Ty=Map
          ]
C:\Program Files\Microsoft Visual Studio\2022\Community\VC\Tools\MSVC\14.37.32822\include\vector(873,9): message : Vea la referencia a la creación de una instancia de la función plantilla "_Ty &std::vector<_Ty,std::allocator<_Ty>>::_Emplace_one_at_back<const _Ty&>(const _Ty &)" que se está compilando
          with
          [
              _Ty=Map
          ]
C:\Program Files\Microsoft Visual Studio\2022\Community\VC\Tools\MSVC\14.37.32822\include\vector(872,23): message : al compilar la función del miembro clase plantilla "void std::vector<Map,std::allocator<Map>>::push_back(const _Ty &)"
          with
          [
              _Ty=Map
          ]
C:\Users\34648\Desktop\Visual 2 CDI\Practica 1 sistemas\Sistemas\Sistemes1\Sistemes1\World.cpp(11,26): message : vea la primera referencia a “std::vector<Map,std::allocator<Map>>::push_back” en “World::World”
C:\Users\34648\Desktop\Visual 2 CDI\Practica 1 sistemas\Sistemas\Sistemes1\Sistemes1\World.cpp(7,26): message : Vea la referencia a la creación de una instancia de clase plantilla "std::vector<Map,std::allocator<Map>>" que se está compilando
  Generando código...
